<?xml version="1.0" encoding="UTF-8"?>
<testsuite name="org.biojava.nbio.sequencing.io.fastq.FastqToolsTest" time="0.618" tests="28" errors="0" skipped="0" failures="0">
  <properties>
    <property name="java.runtime.name" value="Java(TM) SE Runtime Environment"/>
    <property name="sun.boot.library.path" value="/usr/java/jdk1.7.0_71/jre/lib/amd64"/>
    <property name="java.vm.version" value="24.71-b01"/>
    <property name="java.vm.vendor" value="Oracle Corporation"/>
    <property name="java.vendor.url" value="http://java.oracle.com/"/>
    <property name="path.separator" value=":"/>
    <property name="guice.disable.misplaced.annotation.check" value="true"/>
    <property name="java.vm.name" value="Java HotSpot(TM) 64-Bit Server VM"/>
    <property name="file.encoding.pkg" value="sun.io"/>
    <property name="user.country" value="US"/>
    <property name="sun.java.launcher" value="SUN_STANDARD"/>
    <property name="sun.os.patch.level" value="unknown"/>
    <property name="java.vm.specification.name" value="Java Virtual Machine Specification"/>
    <property name="user.dir" value="/STORAGE/CC/projects/biojava/target/checkout"/>
    <property name="java.runtime.version" value="1.7.0_71-b14"/>
    <property name="java.awt.graphicsenv" value="sun.awt.X11GraphicsEnvironment"/>
    <property name="java.endorsed.dirs" value="/usr/java/jdk1.7.0_71/jre/lib/endorsed"/>
    <property name="os.arch" value="amd64"/>
    <property name="java.io.tmpdir" value="/tmp"/>
    <property name="line.separator" value="&#10;"/>
    <property name="java.vm.specification.vendor" value="Oracle Corporation"/>
    <property name="os.name" value="Linux"/>
    <property name="classworlds.conf" value="/CC/maven/bin/m2.conf"/>
    <property name="sun.jnu.encoding" value="UTF-8"/>
    <property name="java.library.path" value="/usr/java/packages/lib/amd64:/usr/lib64:/lib64:/lib:/usr/lib"/>
    <property name="java.specification.name" value="Java Platform API Specification"/>
    <property name="java.class.version" value="51.0"/>
    <property name="sun.management.compiler" value="HotSpot 64-Bit Tiered Compilers"/>
    <property name="os.version" value="2.6.32-431.29.2.el6.x86_64"/>
    <property name="user.home" value="/home/tomcat"/>
    <property name="user.timezone" value="America/Los_Angeles"/>
    <property name="java.awt.printerjob" value="sun.print.PSPrinterJob"/>
    <property name="file.encoding" value="UTF-8"/>
    <property name="java.specification.version" value="1.7"/>
    <property name="user.name" value="tomcat"/>
    <property name="java.class.path" value="/CC/maven/boot/plexus-classworlds-2.4.jar"/>
    <property name="java.vm.specification.version" value="1.7"/>
    <property name="sun.arch.data.model" value="64"/>
    <property name="java.home" value="/usr/java/jdk1.7.0_71/jre"/>
    <property name="sun.java.command" value="org.codehaus.plexus.classworlds.launcher.Launcher -s /tmp/release-settings6815341847569457130.xml deploy --no-plugin-updates -Psonatype-oss-release -P nexus -f pom.xml"/>
    <property name="java.specification.vendor" value="Oracle Corporation"/>
    <property name="user.language" value="en"/>
    <property name="awt.toolkit" value="sun.awt.X11.XToolkit"/>
    <property name="java.vm.info" value="mixed mode"/>
    <property name="java.version" value="1.7.0_71"/>
    <property name="java.ext.dirs" value="/usr/java/jdk1.7.0_71/jre/lib/ext:/usr/java/packages/lib/ext"/>
    <property name="securerandom.source" value="file:/dev/./urandom"/>
    <property name="sun.boot.class.path" value="/usr/java/jdk1.7.0_71/jre/lib/resources.jar:/usr/java/jdk1.7.0_71/jre/lib/rt.jar:/usr/java/jdk1.7.0_71/jre/lib/sunrsasign.jar:/usr/java/jdk1.7.0_71/jre/lib/jsse.jar:/usr/java/jdk1.7.0_71/jre/lib/jce.jar:/usr/java/jdk1.7.0_71/jre/lib/charsets.jar:/usr/java/jdk1.7.0_71/jre/lib/jfr.jar:/usr/java/jdk1.7.0_71/jre/classes"/>
    <property name="java.vendor" value="Oracle Corporation"/>
    <property name="maven.home" value="/CC/maven"/>
    <property name="file.separator" value="/"/>
    <property name="java.vendor.url.bug" value="http://bugreport.sun.com/bugreport/"/>
    <property name="sun.cpu.endian" value="little"/>
    <property name="sun.io.unicode.encoding" value="UnicodeLittle"/>
    <property name="sun.cpu.isalist" value=""/>
  </properties>
  <testcase name="testErrorProbabilitiesNullFastq" classname="org.biojava.nbio.sequencing.io.fastq.FastqToolsTest" time="0.002"/>
  <testcase name="testErrorProbabilitiesDoubleArray" classname="org.biojava.nbio.sequencing.io.fastq.FastqToolsTest" time="0.001"/>
  <testcase name="testCreateErrorProbabilitiesNullFastq" classname="org.biojava.nbio.sequencing.io.fastq.FastqToolsTest" time="0"/>
  <testcase name="testCreateDNASequenceWithErrorProbabilies" classname="org.biojava.nbio.sequencing.io.fastq.FastqToolsTest" time="0.575"/>
  <testcase name="testQualityScoresIntArrayNullFastq" classname="org.biojava.nbio.sequencing.io.fastq.FastqToolsTest" time="0"/>
  <testcase name="testQualityScoresQualityScoresTooLarge" classname="org.biojava.nbio.sequencing.io.fastq.FastqToolsTest" time="0.002"/>
  <testcase name="testQualityScoresQualityScoresTooSmall" classname="org.biojava.nbio.sequencing.io.fastq.FastqToolsTest" time="0"/>
  <testcase name="testQualityScoresNullIntArray" classname="org.biojava.nbio.sequencing.io.fastq.FastqToolsTest" time="0.002"/>
  <testcase name="testCreateQualityScores" classname="org.biojava.nbio.sequencing.io.fastq.FastqToolsTest" time="0.001"/>
  <testcase name="testCreateErrorProbabilities" classname="org.biojava.nbio.sequencing.io.fastq.FastqToolsTest" time="0.001"/>
  <testcase name="testCreateDNASequenceNullFastq" classname="org.biojava.nbio.sequencing.io.fastq.FastqToolsTest" time="0.002"/>
  <testcase name="testCreateQualityScoresNullFastq" classname="org.biojava.nbio.sequencing.io.fastq.FastqToolsTest" time="0"/>
  <testcase name="testQualityScoresNullFastq" classname="org.biojava.nbio.sequencing.io.fastq.FastqToolsTest" time="0.002"/>
  <testcase name="testCreateDNASequenceWithQualityScoresAndErrorProbabilitiesNullFastq" classname="org.biojava.nbio.sequencing.io.fastq.FastqToolsTest" time="0"/>
  <testcase name="testErrorProbabilitiesNullErrorProbabilities" classname="org.biojava.nbio.sequencing.io.fastq.FastqToolsTest" time="0.001"/>
  <testcase name="testToListNotAList" classname="org.biojava.nbio.sequencing.io.fastq.FastqToolsTest" time="0.003"/>
  <testcase name="testQualityScores" classname="org.biojava.nbio.sequencing.io.fastq.FastqToolsTest" time="0.016"/>
  <testcase name="testErrorProbabilitiesErrorProbabilitiesTooLarge" classname="org.biojava.nbio.sequencing.io.fastq.FastqToolsTest" time="0.001"/>
  <testcase name="testErrorProbabilitiesErrorProbabilitiesTooSmall" classname="org.biojava.nbio.sequencing.io.fastq.FastqToolsTest" time="0.001"/>
  <testcase name="testErrorProbabilitiesDoubleArrayNullFastq" classname="org.biojava.nbio.sequencing.io.fastq.FastqToolsTest" time="0.003"/>
  <testcase name="testCreateDNASequence" classname="org.biojava.nbio.sequencing.io.fastq.FastqToolsTest" time="0"/>
  <testcase name="testCreateDNASequenceWithQualityScoresAndErrorProbabilities" classname="org.biojava.nbio.sequencing.io.fastq.FastqToolsTest" time="0.001"/>
  <testcase name="testCreateDNASequenceWithQualityScores" classname="org.biojava.nbio.sequencing.io.fastq.FastqToolsTest" time="0.001"/>
  <testcase name="testQualityScoresIntArray" classname="org.biojava.nbio.sequencing.io.fastq.FastqToolsTest" time="0"/>
  <testcase name="testCreateDNASequenceWithErrorProbabilitiesNullFastq" classname="org.biojava.nbio.sequencing.io.fastq.FastqToolsTest" time="0"/>
  <testcase name="testToList" classname="org.biojava.nbio.sequencing.io.fastq.FastqToolsTest" time="0.001"/>
  <testcase name="testCreateDNASequenceWithQualityScoresNullFastq" classname="org.biojava.nbio.sequencing.io.fastq.FastqToolsTest" time="0.001"/>
  <testcase name="testErrorProbabilities" classname="org.biojava.nbio.sequencing.io.fastq.FastqToolsTest" time="0.001"/>
</testsuite>